Build started 2013-05-14 19:50:07.
     1>Project "C:\Users\Bartek\Desktop\ODBC_SERWER\ODBC_SERWER\ODBC_SERWER.vcxproj" on node 2 (Build target(s)).
     1>InitializeBuildStatus:
         Touching "Debug\ODBC_SERWER.unsuccessfulbuild".
       ClCompile:
         C:\Program Files\Microsoft Visual Studio 11.0\VC\bin\CL.exe /c /I"C:\Users\Bartek\Desktop\Boost\include\boost-1_51" /IC:\mysql\include /ZI /nologo /W3 /WX- /Od /Oy- /D _MBCS /Gm /EHsc /RTC1 /MDd /GS /fp:precise /Zc:wchar_t /Zc:forScope /Fo"Debug\\" /Fd"Debug\vc110.pdb" /Gd /TP /analyze- /errorReport:prompt main.cpp
         main.cpp
     1>c:\users\bartek\desktop\odbc_serwer\odbc_serwer\main.cpp(27): warning C4018: '<' : signed/unsigned mismatch
       ResourceCompile:
         All outputs are up-to-date.
       Link:
         C:\Program Files\Microsoft Visual Studio 11.0\VC\bin\link.exe /ERRORREPORT:PROMPT /OUT:"C:\Users\Bartek\Desktop\ODBC_SERWER\Debug\ODBC_SERWER.exe" /INCREMENTAL /NOLOGO odbc32.lib odbccp32.lib Wsock32.lib mysqlcppconn.lib kernel32.lib user32.lib gdi32.lib winspool.lib comdlg32.lib advapi32.lib shell32.lib ole32.lib oleaut32.lib uuid.lib odbc32.lib odbccp32.lib /MANIFEST /MANIFESTUAC:"level='asInvoker' uiAccess='false'" /manifest:embed /DEBUG /PDB:"C:\Users\Bartek\Desktop\ODBC_SERWER\Debug\ODBC_SERWER.pdb" /TLBID:1 /DYNAMICBASE /NXCOMPAT /IMPLIB:"C:\Users\Bartek\Desktop\ODBC_SERWER\Debug\ODBC_SERWER.lib" /MACHINE:X86 Debug\ODBC_SERWER.res
         Debug\Crypter.obj
         Debug\DBConnector.obj
         Debug\main.obj
         Debug\Md5.obj
         Debug\SCoupler.obj
         Debug\Transporter.obj
     1>main.obj : error LNK2019: unresolved external symbol "public: static unsigned long __stdcall SCoupler::init(void *)" (?init@SCoupler@@SGKPAX@Z) referenced in function _main
     1>C:\Users\Bartek\Desktop\ODBC_SERWER\Debug\ODBC_SERWER.exe : fatal error LNK1120: 1 unresolved externals
     1>Done Building Project "C:\Users\Bartek\Desktop\ODBC_SERWER\ODBC_SERWER\ODBC_SERWER.vcxproj" (Build target(s)) -- FAILED.

Build FAILED.

Time Elapsed 00:00:03.93
